[debug] [2025-09-19T06:55:35.338Z] ----------------------------------------------------------------------
[debug] [2025-09-19T06:55:35.342Z] Command:       /home/lozza187/.nvm/versions/node/v22.12.0/bin/node /home/lozza187/.nvm/versions/node/v22.12.0/bin/firebase emulators:start --only functions
[debug] [2025-09-19T06:55:35.343Z] CLI Version:   14.17.0
[debug] [2025-09-19T06:55:35.343Z] Platform:      linux
[debug] [2025-09-19T06:55:35.343Z] Node Version:  v22.12.0
[debug] [2025-09-19T06:55:35.344Z] Time:          Fri Sep 19 2025 07:55:35 GMT+0100 (British Summer Time)
[debug] [2025-09-19T06:55:35.344Z] ----------------------------------------------------------------------
[debug] 
[debug] [2025-09-19T06:55:35.348Z] >>> [apiv2][query] GET https://firebase-public.firebaseio.com/cli.json [none]
[warn] ⚠  JSON error trying to load /home/lozza187/projects-00/multibuys-00/.firebaserc 
[debug] [2025-09-19T06:55:36.031Z] > command requires scopes: ["email","openid","https://www.googleapis.com/auth/cloudplatformprojects.readonly","https://www.googleapis.com/auth/firebase","https://www.googleapis.com/auth/cloud-platform"]
[debug] [2025-09-19T06:55:36.032Z] > authorizing via signed-in user (djroa1985@gmail.com)
[info] i  emulators: Starting emulators: functions {"metadata":{"emulator":{"name":"hub"},"message":"Starting emulators: functions"}}
[debug] [2025-09-19T06:55:36.041Z] [logging] Logging Emulator only supports listening on one address (127.0.0.1). Not listening on ::1
[debug] [2025-09-19T06:55:36.041Z] assigned listening specs for emulators {"user":{"hub":[{"address":"127.0.0.1","family":"IPv4","port":4400},{"address":"::1","family":"IPv6","port":4400}],"ui":[{"address":"127.0.0.1","family":"IPv4","port":4000},{"address":"::1","family":"IPv6","port":4000}],"logging":[{"address":"127.0.0.1","family":"IPv4","port":4500}]},"metadata":{"message":"assigned listening specs for emulators"}}
[debug] [2025-09-19T06:55:36.052Z] Emulator locator file path: /tmp/hub-multibuys-00.json
[debug] [2025-09-19T06:55:36.052Z] [hub] writing locator at /tmp/hub-multibuys-00.json
[debug] [2025-09-19T06:55:36.079Z] [functions] Functions Emulator only supports listening on one address (127.0.0.1). Not listening on ::1
[debug] [2025-09-19T06:55:36.080Z] [eventarc] Eventarc Emulator only supports listening on one address (127.0.0.1). Not listening on ::1
[debug] [2025-09-19T06:55:36.080Z] [tasks] Cloud Tasks Emulator only supports listening on one address (127.0.0.1). Not listening on ::1
[debug] [2025-09-19T06:55:36.080Z] late-assigned ports for functions and eventarc emulators {"user":{"hub":[{"address":"127.0.0.1","family":"IPv4","port":4400},{"address":"::1","family":"IPv6","port":4400}],"ui":[{"address":"127.0.0.1","family":"IPv4","port":4000},{"address":"::1","family":"IPv6","port":4000}],"logging":[{"address":"127.0.0.1","family":"IPv4","port":4500}],"functions":[{"address":"127.0.0.1","family":"IPv4","port":5001}],"eventarc":[{"address":"127.0.0.1","family":"IPv4","port":9299}],"tasks":[{"address":"127.0.0.1","family":"IPv4","port":9499}]},"metadata":{"message":"late-assigned ports for functions and eventarc emulators"}}
[warn] ⚠  functions: The following emulators are not running, calls to these services from the Functions emulator will affect production: apphosting, auth, firestore, database, hosting, pubsub, storage, dataconnect {"metadata":{"emulator":{"name":"functions"},"message":"The following emulators are not running, calls to these services from the Functions emulator will affect production: \u001b[1mapphosting, auth, firestore, database, hosting, pubsub, storage, dataconnect\u001b[22m"}}
[debug] [2025-09-19T06:55:36.104Z] defaultcredentials: writing to file /home/lozza187/.config/firebase/djroa1985_gmail_com_application_default_credentials.json
[debug] [2025-09-19T06:55:36.112Z] Setting GAC to /home/lozza187/.config/firebase/djroa1985_gmail_com_application_default_credentials.json {"metadata":{"emulator":{"name":"functions"},"message":"Setting GAC to /home/lozza187/.config/firebase/djroa1985_gmail_com_application_default_credentials.json"}}
[debug] [2025-09-19T06:55:36.113Z] Checked if tokens are valid: true, expires at: 1758266121748
[debug] [2025-09-19T06:55:36.114Z] Checked if tokens are valid: true, expires at: 1758266121748
[debug] [2025-09-19T06:55:36.114Z] >>> [apiv2][query] GET https://firebase.googleapis.com/v1beta1/projects/multibuys-00/adminSdkConfig [none]
[debug] [2025-09-19T06:55:36.310Z] <<< [apiv2][status] GET https://firebase-public.firebaseio.com/cli.json 200
[debug] [2025-09-19T06:55:36.311Z] <<< [apiv2][body] GET https://firebase-public.firebaseio.com/cli.json {"cloudBuildErrorAfter":1594252800000,"cloudBuildWarnAfter":1590019200000,"defaultNode10After":1594252800000,"minVersion":"3.0.5","node8DeploysDisabledAfter":1613390400000,"node8RuntimeDisabledAfter":1615809600000,"node8WarnAfter":1600128000000}
[debug] [2025-09-19T06:55:36.422Z] <<< [apiv2][status] GET https://firebase.googleapis.com/v1beta1/projects/multibuys-00/adminSdkConfig 200
[debug] [2025-09-19T06:55:36.423Z] <<< [apiv2][body] GET https://firebase.googleapis.com/v1beta1/projects/multibuys-00/adminSdkConfig {"projectId":"multibuys-00","storageBucket":"multibuys-00.firebasestorage.app"}
[info] i  functions: Watching "/home/lozza187/projects-00/multibuys-00/functions" for Cloud Functions... {"metadata":{"emulator":{"name":"functions"},"message":"Watching \"/home/lozza187/projects-00/multibuys-00/functions\" for Cloud Functions..."}}
[debug] [2025-09-19T06:55:36.522Z] Validating nodejs source
[debug] [2025-09-19T06:55:38.946Z] > [functions] package.json contents: {
  "name": "functions",
  "scripts": {
    "lint": "eslint --ext .js,.ts .",
    "build": "tsc",
    "build:watch": "tsc --watch",
    "serve": "npm run build && firebase emulators:start --only functions",
    "shell": "npm run build && firebase functions:shell",
    "start": "npm run shell",
    "deploy": "firebase deploy --only functions",
    "logs": "firebase functions:log"
  },
  "engines": {
    "node": "22"
  },
  "main": "lib/index.js",
  "dependencies": {
    "firebase-admin": "^12.6.0",
    "firebase-functions": "^6.0.1"
  },
  "devDependencies": {
    "@typescript-eslint/eslint-plugin": "^5.12.0",
    "@typescript-eslint/parser": "^5.12.0",
    "eslint": "^8.9.0",
    "eslint-config-google": "^0.14.0",
    "eslint-plugin-import": "^2.25.4",
    "firebase-functions-test": "^3.1.0",
    "typescript": "^5.7.3"
  },
  "private": true
}
[debug] [2025-09-19T06:55:38.947Z] Building nodejs source
[debug] [2025-09-19T06:55:38.948Z] Failed to find version of module node: reached end of search path /home/lozza187/projects-00/multibuys-00/functions/node_modules
[info] ✔  functions: Using node@22 from host. 
[debug] [2025-09-19T06:55:38.959Z] Could not find functions.yaml. Must use http discovery
[debug] [2025-09-19T06:55:38.965Z] Found firebase-functions binary at '/home/lozza187/projects-00/multibuys-00/functions/node_modules/.bin/firebase-functions'
[info] Serving at port 8242

[debug] [2025-09-19T06:55:40.994Z] Got response from /__/functions.yaml {"endpoints":{"helloWorld":{"availableMemoryMb":null,"timeoutSeconds":null,"minInstances":null,"maxInstances":10,"ingressSettings":null,"concurrency":null,"serviceAccountEmail":null,"vpc":null,"platform":"gcfv2","labels":{},"httpsTrigger":{},"entryPoint":"helloWorld"}},"specVersion":"v1alpha1","requiredAPIs":[],"extensions":{}}
[info] ✔  functions: Loaded functions definitions from source: helloWorld. {"metadata":{"emulator":{"name":"functions"},"message":"Loaded functions definitions from source: helloWorld."}}
[info] ✔  functions[us-central1-helloWorld]: http function initialized (http://127.0.0.1:5001/multibuys-00/us-central1/helloWorld). {"metadata":{"emulator":{"name":"functions"},"message":"\u001b[1mhttp\u001b[22m function initialized (http://127.0.0.1:5001/multibuys-00/us-central1/helloWorld)."}}
[debug] [2025-09-19T06:55:45.051Z] Could not find VSCode notification endpoint: FetchError: request to http://localhost:40001/vscode/notify failed, reason: connect ECONNREFUSED 127.0.0.1:40001. If you are not running the Firebase Data Connect VSCode extension, this is expected and not an issue.
[info] 
┌─────────────────────────────────────────────────────────────┐
│ ✔  All emulators ready! It is now safe to connect your app. │
│ i  View Emulator UI at http://127.0.0.1:4000/               │
└─────────────────────────────────────────────────────────────┘

┌───────────┬────────────────┬─────────────────────────────────┐
│ Emulator  │ Host:Port      │ View in Emulator UI             │
├───────────┼────────────────┼─────────────────────────────────┤
│ Functions │ 127.0.0.1:5001 │ http://127.0.0.1:4000/functions │
└───────────┴────────────────┴─────────────────────────────────┘
  Emulator Hub host: 127.0.0.1 port: 4400
  Other reserved ports: 4500

Issues? Report them at https://github.com/firebase/firebase-tools/issues and attach the *-debug.log files.
 
[debug] [2025-09-19T06:55:50.420Z] [work-queue] {"queuedWork":["/multibuys-00/us-central1/helloWorld-2025-09-19T06:55:50.420Z"],"queueLength":1,"runningWork":[],"workRunningCount":0}
[debug] [2025-09-19T06:55:50.421Z] [work-queue] {"queuedWork":[],"queueLength":0,"runningWork":["/multibuys-00/us-central1/helloWorld-2025-09-19T06:55:50.420Z"],"workRunningCount":1}
[debug] [2025-09-19T06:55:50.422Z] Accepted request GET /multibuys-00/us-central1/helloWorld --> us-central1-helloWorld
[debug] [2025-09-19T06:55:50.425Z] [functions] Runtime ready! Sending request! {"metadata":{"emulator":{"name":"functions"},"message":"[functions] Runtime ready! Sending request!"}}
[debug] [2025-09-19T06:55:50.427Z] [functions] Got req.url=/multibuys-00/us-central1/helloWorld, mapping to path=/ {"metadata":{"emulator":{"name":"functions"},"message":"[functions] Got req.url=/multibuys-00/us-central1/helloWorld, mapping to path=/"}}
[debug] [2025-09-19T06:55:50.435Z] [worker-pool] addWorker(us-central1-helloWorld) {"metadata":{"emulator":{"name":"functions"},"message":"[worker-pool] addWorker(us-central1-helloWorld)"}}
[debug] [2025-09-19T06:55:50.436Z] [worker-pool] Adding worker with key us-central1-helloWorld, total=1 {"metadata":{"emulator":{"name":"functions"},"message":"[worker-pool] Adding worker with key us-central1-helloWorld, total=1"}}
[info] >  (node:12585) [DEP0040] DeprecationWarning: The `punycode` module is deprecated. Please use a userland alternative instead. {"user":"(node:12585) [DEP0040] DeprecationWarning: The `punycode` module is deprecated. Please use a userland alternative instead.","metadata":{"emulator":{"name":"functions"},"function":{"name":"us-central1-helloWorld"},"extension":{},"message":"\u001b[90m> \u001b[39m (node:12585) [DEP0040] DeprecationWarning: The `punycode` module is deprecated. Please use a userland alternative instead."}}
[info] >  (Use `node --trace-deprecation ...` to show where the warning was created) {"user":"(Use `node --trace-deprecation ...` to show where the warning was created)","metadata":{"emulator":{"name":"functions"},"function":{"name":"us-central1-helloWorld"},"extension":{},"message":"\u001b[90m> \u001b[39m (Use `node --trace-deprecation ...` to show where the warning was created)"}}
[debug] [2025-09-19T06:55:51.757Z] [runtime-status] [12585] Resolved module firebase-admin {"declared":true,"installed":true,"version":"12.7.0","resolution":"/home/lozza187/projects-00/multibuys-00/functions/node_modules/firebase-admin/lib/index.js"} {"metadata":{"emulator":{"name":"functions"},"function":{"name":"us-central1-helloWorld"},"extension":{},"message":"[runtime-status] [12585] Resolved module firebase-admin {\"declared\":true,\"installed\":true,\"version\":\"12.7.0\",\"resolution\":\"/home/lozza187/projects-00/multibuys-00/functions/node_modules/firebase-admin/lib/index.js\"}"}}
[debug] [2025-09-19T06:55:51.758Z] [runtime-status] [12585] Resolved module firebase-functions {"declared":true,"installed":true,"version":"6.4.0","resolution":"/home/lozza187/projects-00/multibuys-00/functions/node_modules/firebase-functions/lib/v2/index.js"} {"metadata":{"emulator":{"name":"functions"},"function":{"name":"us-central1-helloWorld"},"extension":{},"message":"[runtime-status] [12585] Resolved module firebase-functions {\"declared\":true,\"installed\":true,\"version\":\"6.4.0\",\"resolution\":\"/home/lozza187/projects-00/multibuys-00/functions/node_modules/firebase-functions/lib/v2/index.js\"}"}}
[debug] [2025-09-19T06:55:51.759Z] [runtime-status] [12585] Outgoing network have been stubbed. [{"name":"http","status":"mocked"},{"name":"http","status":"mocked"},{"name":"https","status":"mocked"},{"name":"https","status":"mocked"},{"name":"net","status":"mocked"}] {"metadata":{"emulator":{"name":"functions"},"function":{"name":"us-central1-helloWorld"},"extension":{},"message":"[runtime-status] [12585] Outgoing network have been stubbed. [{\"name\":\"http\",\"status\":\"mocked\"},{\"name\":\"http\",\"status\":\"mocked\"},{\"name\":\"https\",\"status\":\"mocked\"},{\"name\":\"https\",\"status\":\"mocked\"},{\"name\":\"net\",\"status\":\"mocked\"}]"}}
[debug] [2025-09-19T06:55:51.760Z] [runtime-status] [12585] Resolved module firebase-functions {"declared":true,"installed":true,"version":"6.4.0","resolution":"/home/lozza187/projects-00/multibuys-00/functions/node_modules/firebase-functions/lib/v2/index.js"} {"metadata":{"emulator":{"name":"functions"},"function":{"name":"us-central1-helloWorld"},"extension":{},"message":"[runtime-status] [12585] Resolved module firebase-functions {\"declared\":true,\"installed\":true,\"version\":\"6.4.0\",\"resolution\":\"/home/lozza187/projects-00/multibuys-00/functions/node_modules/firebase-functions/lib/v2/index.js\"}"}}
[debug] [2025-09-19T06:55:52.147Z] [runtime-status] [12585] Checked functions.config() {"config":{}} {"metadata":{"emulator":{"name":"functions"},"function":{"name":"us-central1-helloWorld"},"extension":{},"message":"[runtime-status] [12585] Checked functions.config() {\"config\":{}}"}}
[debug] [2025-09-19T06:55:52.148Z] [runtime-status] [12585] firebase-functions has been stubbed. {"functionsResolution":{"declared":true,"installed":true,"version":"6.4.0","resolution":"/home/lozza187/projects-00/multibuys-00/functions/node_modules/firebase-functions/lib/v2/index.js"}} {"metadata":{"emulator":{"name":"functions"},"function":{"name":"us-central1-helloWorld"},"extension":{},"message":"[runtime-status] [12585] firebase-functions has been stubbed. {\"functionsResolution\":{\"declared\":true,\"installed\":true,\"version\":\"6.4.0\",\"resolution\":\"/home/lozza187/projects-00/multibuys-00/functions/node_modules/firebase-functions/lib/v2/index.js\"}}"}}
[debug] [2025-09-19T06:55:52.149Z] [runtime-status] [12585] Resolved module firebase-functions {"declared":true,"installed":true,"version":"6.4.0","resolution":"/home/lozza187/projects-00/multibuys-00/functions/node_modules/firebase-functions/lib/v2/index.js"} {"metadata":{"emulator":{"name":"functions"},"function":{"name":"us-central1-helloWorld"},"extension":{},"message":"[runtime-status] [12585] Resolved module firebase-functions {\"declared\":true,\"installed\":true,\"version\":\"6.4.0\",\"resolution\":\"/home/lozza187/projects-00/multibuys-00/functions/node_modules/firebase-functions/lib/v2/index.js\"}"}}
[debug] [2025-09-19T06:55:52.155Z] [runtime-status] [12585] Resolved module firebase-admin {"declared":true,"installed":true,"version":"12.7.0","resolution":"/home/lozza187/projects-00/multibuys-00/functions/node_modules/firebase-admin/lib/index.js"} {"metadata":{"emulator":{"name":"functions"},"function":{"name":"us-central1-helloWorld"},"extension":{},"message":"[runtime-status] [12585] Resolved module firebase-admin {\"declared\":true,\"installed\":true,\"version\":\"12.7.0\",\"resolution\":\"/home/lozza187/projects-00/multibuys-00/functions/node_modules/firebase-admin/lib/index.js\"}"}}
[debug] [2025-09-19T06:55:52.158Z] [runtime-status] [12585] Resolved module firebase-functions {"declared":true,"installed":true,"version":"6.4.0","resolution":"/home/lozza187/projects-00/multibuys-00/functions/node_modules/firebase-functions/lib/v2/index.js"} {"metadata":{"emulator":{"name":"functions"},"function":{"name":"us-central1-helloWorld"},"extension":{},"message":"[runtime-status] [12585] Resolved module firebase-functions {\"declared\":true,\"installed\":true,\"version\":\"6.4.0\",\"resolution\":\"/home/lozza187/projects-00/multibuys-00/functions/node_modules/firebase-functions/lib/v2/index.js\"}"}}
[debug] [2025-09-19T06:55:52.159Z] [runtime-status] [12585] firebase-admin has been stubbed. {"adminResolution":{"declared":true,"installed":true,"version":"12.7.0","resolution":"/home/lozza187/projects-00/multibuys-00/functions/node_modules/firebase-admin/lib/index.js"}} {"metadata":{"emulator":{"name":"functions"},"function":{"name":"us-central1-helloWorld"},"extension":{},"message":"[runtime-status] [12585] firebase-admin has been stubbed. {\"adminResolution\":{\"declared\":true,\"installed\":true,\"version\":\"12.7.0\",\"resolution\":\"/home/lozza187/projects-00/multibuys-00/functions/node_modules/firebase-admin/lib/index.js\"}}"}}
[debug] [2025-09-19T06:55:52.171Z] [runtime-status] [12585] Functions runtime initialized. {"cwd":"/home/lozza187/projects-00/multibuys-00/functions","node_version":"22.12.0"} {"metadata":{"emulator":{"name":"functions"},"function":{"name":"us-central1-helloWorld"},"extension":{},"message":"[runtime-status] [12585] Functions runtime initialized. {\"cwd\":\"/home/lozza187/projects-00/multibuys-00/functions\",\"node_version\":\"22.12.0\"}"}}
[debug] [2025-09-19T06:55:52.173Z] [runtime-status] [12585] Listening to port: /tmp/fire_emu_fb787d4cbb5a30a6.sock {"metadata":{"emulator":{"name":"functions"},"function":{"name":"us-central1-helloWorld"},"extension":{},"message":"[runtime-status] [12585] Listening to port: /tmp/fire_emu_fb787d4cbb5a30a6.sock"}}
[debug] [2025-09-19T06:55:52.271Z] [worker-us-central1-helloWorld-950ce784-0e3e-48d8-b8a9-b31226eb26c9]: IDLE {"metadata":{"emulator":{"name":"functions"},"function":{"name":"us-central1-helloWorld"},"extension":{},"message":"[worker-us-central1-helloWorld-950ce784-0e3e-48d8-b8a9-b31226eb26c9]: IDLE"}}
[debug] [2025-09-19T06:55:52.272Z] [worker-pool] submitRequest(triggerId=us-central1-helloWorld) {"metadata":{"emulator":{"name":"functions"},"message":"[worker-pool] submitRequest(triggerId=us-central1-helloWorld)"}}
[info] i  functions: Beginning execution of "us-central1-helloWorld" {"metadata":{"emulator":{"name":"functions"},"function":{"name":"us-central1-helloWorld"},"extension":{},"message":"Beginning execution of \"us-central1-helloWorld\""}}
[debug] [2025-09-19T06:55:52.273Z] [worker-us-central1-helloWorld-950ce784-0e3e-48d8-b8a9-b31226eb26c9]: BUSY {"metadata":{"emulator":{"name":"functions"},"function":{"name":"us-central1-helloWorld"},"extension":{},"message":"[worker-us-central1-helloWorld-950ce784-0e3e-48d8-b8a9-b31226eb26c9]: BUSY"}}
[info] >  {"structuredData":true,"severity":"INFO","message":"Hello logs!"} {"user":{"structuredData":true,"severity":"INFO","message":"Hello logs!"},"metadata":{"emulator":{"name":"functions"},"function":{"name":"us-central1-helloWorld"},"extension":{},"message":"\u001b[90m> \u001b[39m {\"structuredData\":true,\"severity\":\"INFO\",\"message\":\"Hello logs!\"}"}}
[debug] [2025-09-19T06:55:52.285Z] Finishing up request with event=pause {"metadata":{"emulator":{"name":"functions"},"function":{"name":"us-central1-helloWorld"},"extension":{},"message":"Finishing up request with event=pause"}}
[info] i  functions: Finished "us-central1-helloWorld" in 12.509812ms {"metadata":{"emulator":{"name":"functions"},"function":{"name":"us-central1-helloWorld"},"extension":{},"message":"Finished \"us-central1-helloWorld\" in 12.509812ms"}}
[debug] [2025-09-19T06:55:52.286Z] [worker-us-central1-helloWorld-950ce784-0e3e-48d8-b8a9-b31226eb26c9]: IDLE {"metadata":{"emulator":{"name":"functions"},"function":{"name":"us-central1-helloWorld"},"extension":{},"message":"[worker-us-central1-helloWorld-950ce784-0e3e-48d8-b8a9-b31226eb26c9]: IDLE"}}
[debug] [2025-09-19T06:55:52.287Z] Finishing up request with event=finish {"metadata":{"emulator":{"name":"functions"},"function":{"name":"us-central1-helloWorld"},"extension":{},"message":"Finishing up request with event=finish"}}
[debug] [2025-09-19T06:55:52.287Z] Finishing up request with event=close {"metadata":{"emulator":{"name":"functions"},"function":{"name":"us-central1-helloWorld"},"extension":{},"message":"Finishing up request with event=close"}}
[debug] [2025-09-19T06:55:52.288Z] [work-queue] {"queuedWork":[],"queueLength":0,"runningWork":[],"workRunningCount":0}
[debug] [2025-09-19T06:56:09.998Z] File /home/lozza187/projects-00/multibuys-00/functions/src/index.ts changed, reloading triggers {"metadata":{"emulator":{"name":"functions"},"message":"File /home/lozza187/projects-00/multibuys-00/functions/src/index.ts changed, reloading triggers"}}
[debug] [2025-09-19T06:56:10.061Z] File /home/lozza187/projects-00/multibuys-00/functions/src/index.ts changed, reloading triggers {"metadata":{"emulator":{"name":"functions"},"message":"File /home/lozza187/projects-00/multibuys-00/functions/src/index.ts changed, reloading triggers"}}
[debug] [2025-09-19T06:56:11.062Z] Validating nodejs source
[debug] [2025-09-19T06:56:11.936Z] > [functions] package.json contents: {
  "name": "functions",
  "scripts": {
    "lint": "eslint --ext .js,.ts .",
    "build": "tsc",
    "build:watch": "tsc --watch",
    "serve": "npm run build && firebase emulators:start --only functions",
    "shell": "npm run build && firebase functions:shell",
    "start": "npm run shell",
    "deploy": "firebase deploy --only functions",
    "logs": "firebase functions:log"
  },
  "engines": {
    "node": "22"
  },
  "main": "lib/index.js",
  "dependencies": {
    "firebase-admin": "^12.6.0",
    "firebase-functions": "^6.0.1"
  },
  "devDependencies": {
    "@typescript-eslint/eslint-plugin": "^5.12.0",
    "@typescript-eslint/parser": "^5.12.0",
    "eslint": "^8.9.0",
    "eslint-config-google": "^0.14.0",
    "eslint-plugin-import": "^2.25.4",
    "firebase-functions-test": "^3.1.0",
    "typescript": "^5.7.3"
  },
  "private": true
}
[debug] [2025-09-19T06:56:11.937Z] Building nodejs source
[debug] [2025-09-19T06:56:11.937Z] Failed to find version of module node: reached end of search path /home/lozza187/projects-00/multibuys-00/functions/node_modules
[info] ✔  functions: Using node@22 from host. 
[debug] [2025-09-19T06:56:11.940Z] Could not find functions.yaml. Must use http discovery
[debug] [2025-09-19T06:56:11.944Z] Found firebase-functions binary at '/home/lozza187/projects-00/multibuys-00/functions/node_modules/.bin/firebase-functions'
[info] Serving at port 8408

[debug] [2025-09-19T06:56:12.569Z] Got response from /__/functions.yaml {"endpoints":{"helloWorld":{"availableMemoryMb":null,"timeoutSeconds":null,"minInstances":null,"maxInstances":10,"ingressSettings":null,"concurrency":null,"serviceAccountEmail":null,"vpc":null,"platform":"gcfv2","labels":{},"httpsTrigger":{},"entryPoint":"helloWorld"}},"specVersion":"v1alpha1","requiredAPIs":[],"extensions":{}}
[info] ✔  functions: Loaded functions definitions from source: helloWorld. {"metadata":{"emulator":{"name":"functions"},"message":"Loaded functions definitions from source: helloWorld."}}
[debug] [2025-09-19T06:56:16.594Z] [worker-pool] Shutting down IDLE worker (us-central1-helloWorld) {"metadata":{"emulator":{"name":"functions"},"message":"[worker-pool] Shutting down IDLE worker (us-central1-helloWorld)"}}
[debug] [2025-09-19T06:56:16.594Z] [worker-us-central1-helloWorld-950ce784-0e3e-48d8-b8a9-b31226eb26c9]: FINISHING {"metadata":{"emulator":{"name":"functions"},"function":{"name":"us-central1-helloWorld"},"extension":{},"message":"[worker-us-central1-helloWorld-950ce784-0e3e-48d8-b8a9-b31226eb26c9]: FINISHING"}}
[debug] [2025-09-19T06:56:16.604Z] [worker-us-central1-helloWorld-950ce784-0e3e-48d8-b8a9-b31226eb26c9]: exited {"metadata":{"emulator":{"name":"functions"},"function":{"name":"us-central1-helloWorld"},"extension":{},"message":"[worker-us-central1-helloWorld-950ce784-0e3e-48d8-b8a9-b31226eb26c9]: exited"}}
[debug] [2025-09-19T06:56:16.605Z] [worker-us-central1-helloWorld-950ce784-0e3e-48d8-b8a9-b31226eb26c9]: FINISHED {"metadata":{"emulator":{"name":"functions"},"function":{"name":"us-central1-helloWorld"},"extension":{},"message":"[worker-us-central1-helloWorld-950ce784-0e3e-48d8-b8a9-b31226eb26c9]: FINISHED"}}
[debug] [2025-09-19T06:56:38.137Z] File /home/lozza187/projects-00/multibuys-00/functions/lib/index.js.map changed, reloading triggers {"metadata":{"emulator":{"name":"functions"},"message":"File /home/lozza187/projects-00/multibuys-00/functions/lib/index.js.map changed, reloading triggers"}}
[debug] [2025-09-19T06:56:38.137Z] File /home/lozza187/projects-00/multibuys-00/functions/lib/index.js changed, reloading triggers {"metadata":{"emulator":{"name":"functions"},"message":"File /home/lozza187/projects-00/multibuys-00/functions/lib/index.js changed, reloading triggers"}}
[debug] [2025-09-19T06:56:39.139Z] Validating nodejs source
[debug] [2025-09-19T06:56:40.077Z] > [functions] package.json contents: {
  "name": "functions",
  "scripts": {
    "lint": "eslint --ext .js,.ts .",
    "build": "tsc",
    "build:watch": "tsc --watch",
    "serve": "npm run build && firebase emulators:start --only functions",
    "shell": "npm run build && firebase functions:shell",
    "start": "npm run shell",
    "deploy": "firebase deploy --only functions",
    "logs": "firebase functions:log"
  },
  "engines": {
    "node": "22"
  },
  "main": "lib/index.js",
  "dependencies": {
    "firebase-admin": "^12.6.0",
    "firebase-functions": "^6.0.1"
  },
  "devDependencies": {
    "@typescript-eslint/eslint-plugin": "^5.12.0",
    "@typescript-eslint/parser": "^5.12.0",
    "eslint": "^8.9.0",
    "eslint-config-google": "^0.14.0",
    "eslint-plugin-import": "^2.25.4",
    "firebase-functions-test": "^3.1.0",
    "typescript": "^5.7.3"
  },
  "private": true
}
[debug] [2025-09-19T06:56:40.078Z] Building nodejs source
[debug] [2025-09-19T06:56:40.078Z] Failed to find version of module node: reached end of search path /home/lozza187/projects-00/multibuys-00/functions/node_modules
[info] ✔  functions: Using node@22 from host. 
[debug] [2025-09-19T06:56:40.080Z] Could not find functions.yaml. Must use http discovery
[debug] [2025-09-19T06:56:40.082Z] Found firebase-functions binary at '/home/lozza187/projects-00/multibuys-00/functions/node_modules/.bin/firebase-functions'
[info] Serving at port 8770

[debug] [2025-09-19T06:56:40.754Z] Got response from /__/functions.yaml {"endpoints":{"helloWorld":{"availableMemoryMb":null,"timeoutSeconds":null,"minInstances":null,"maxInstances":10,"ingressSettings":null,"concurrency":null,"serviceAccountEmail":null,"vpc":null,"platform":"gcfv2","labels":{},"httpsTrigger":{},"entryPoint":"helloWorld"}},"specVersion":"v1alpha1","requiredAPIs":[],"extensions":{}}
[debug] [2025-09-19T06:56:41.808Z] [work-queue] {"queuedWork":["/multibuys-00/us-central1/helloWorld-2025-09-19T06:56:41.808Z"],"queueLength":1,"runningWork":[],"workRunningCount":0}
[debug] [2025-09-19T06:56:41.809Z] [work-queue] {"queuedWork":[],"queueLength":0,"runningWork":["/multibuys-00/us-central1/helloWorld-2025-09-19T06:56:41.808Z"],"workRunningCount":1}
[debug] [2025-09-19T06:56:41.809Z] Accepted request GET /multibuys-00/us-central1/helloWorld --> us-central1-helloWorld
[debug] [2025-09-19T06:56:41.819Z] [functions] Runtime ready! Sending request! {"metadata":{"emulator":{"name":"functions"},"message":"[functions] Runtime ready! Sending request!"}}
[debug] [2025-09-19T06:56:41.819Z] [functions] Got req.url=/multibuys-00/us-central1/helloWorld, mapping to path=/ {"metadata":{"emulator":{"name":"functions"},"message":"[functions] Got req.url=/multibuys-00/us-central1/helloWorld, mapping to path=/"}}
[debug] [2025-09-19T06:56:41.820Z] [worker-pool] Cleaned up workers for us-central1-helloWorld: 1 --> 0 {"metadata":{"emulator":{"name":"functions"},"message":"[worker-pool] Cleaned up workers for us-central1-helloWorld: 1 --> 0"}}
[debug] [2025-09-19T06:56:41.824Z] [worker-pool] addWorker(us-central1-helloWorld) {"metadata":{"emulator":{"name":"functions"},"message":"[worker-pool] addWorker(us-central1-helloWorld)"}}
[debug] [2025-09-19T06:56:41.824Z] [worker-pool] Adding worker with key us-central1-helloWorld, total=1 {"metadata":{"emulator":{"name":"functions"},"message":"[worker-pool] Adding worker with key us-central1-helloWorld, total=1"}}
[info] >  (node:12730) [DEP0040] DeprecationWarning: The `punycode` module is deprecated. Please use a userland alternative instead. {"user":"(node:12730) [DEP0040] DeprecationWarning: The `punycode` module is deprecated. Please use a userland alternative instead.","metadata":{"emulator":{"name":"functions"},"function":{"name":"us-central1-helloWorld"},"extension":{},"message":"\u001b[90m> \u001b[39m (node:12730) [DEP0040] DeprecationWarning: The `punycode` module is deprecated. Please use a userland alternative instead."}}
[info] >  (Use `node --trace-deprecation ...` to show where the warning was created) {"user":"(Use `node --trace-deprecation ...` to show where the warning was created)","metadata":{"emulator":{"name":"functions"},"function":{"name":"us-central1-helloWorld"},"extension":{},"message":"\u001b[90m> \u001b[39m (Use `node --trace-deprecation ...` to show where the warning was created)"}}
[debug] [2025-09-19T06:56:43.205Z] [runtime-status] [12730] Resolved module firebase-admin {"declared":true,"installed":true,"version":"12.7.0","resolution":"/home/lozza187/projects-00/multibuys-00/functions/node_modules/firebase-admin/lib/index.js"} {"metadata":{"emulator":{"name":"functions"},"function":{"name":"us-central1-helloWorld"},"extension":{},"message":"[runtime-status] [12730] Resolved module firebase-admin {\"declared\":true,\"installed\":true,\"version\":\"12.7.0\",\"resolution\":\"/home/lozza187/projects-00/multibuys-00/functions/node_modules/firebase-admin/lib/index.js\"}"}}
[debug] [2025-09-19T06:56:43.208Z] [runtime-status] [12730] Resolved module firebase-functions {"declared":true,"installed":true,"version":"6.4.0","resolution":"/home/lozza187/projects-00/multibuys-00/functions/node_modules/firebase-functions/lib/v2/index.js"} {"metadata":{"emulator":{"name":"functions"},"function":{"name":"us-central1-helloWorld"},"extension":{},"message":"[runtime-status] [12730] Resolved module firebase-functions {\"declared\":true,\"installed\":true,\"version\":\"6.4.0\",\"resolution\":\"/home/lozza187/projects-00/multibuys-00/functions/node_modules/firebase-functions/lib/v2/index.js\"}"}}
[debug] [2025-09-19T06:56:43.211Z] [runtime-status] [12730] Outgoing network have been stubbed. [{"name":"http","status":"mocked"},{"name":"http","status":"mocked"},{"name":"https","status":"mocked"},{"name":"https","status":"mocked"},{"name":"net","status":"mocked"}] {"metadata":{"emulator":{"name":"functions"},"function":{"name":"us-central1-helloWorld"},"extension":{},"message":"[runtime-status] [12730] Outgoing network have been stubbed. [{\"name\":\"http\",\"status\":\"mocked\"},{\"name\":\"http\",\"status\":\"mocked\"},{\"name\":\"https\",\"status\":\"mocked\"},{\"name\":\"https\",\"status\":\"mocked\"},{\"name\":\"net\",\"status\":\"mocked\"}]"}}
[debug] [2025-09-19T06:56:43.212Z] [runtime-status] [12730] Resolved module firebase-functions {"declared":true,"installed":true,"version":"6.4.0","resolution":"/home/lozza187/projects-00/multibuys-00/functions/node_modules/firebase-functions/lib/v2/index.js"} {"metadata":{"emulator":{"name":"functions"},"function":{"name":"us-central1-helloWorld"},"extension":{},"message":"[runtime-status] [12730] Resolved module firebase-functions {\"declared\":true,\"installed\":true,\"version\":\"6.4.0\",\"resolution\":\"/home/lozza187/projects-00/multibuys-00/functions/node_modules/firebase-functions/lib/v2/index.js\"}"}}
[debug] [2025-09-19T06:56:43.587Z] [runtime-status] [12730] Checked functions.config() {"config":{}} {"metadata":{"emulator":{"name":"functions"},"function":{"name":"us-central1-helloWorld"},"extension":{},"message":"[runtime-status] [12730] Checked functions.config() {\"config\":{}}"}}
[debug] [2025-09-19T06:56:43.587Z] [runtime-status] [12730] firebase-functions has been stubbed. {"functionsResolution":{"declared":true,"installed":true,"version":"6.4.0","resolution":"/home/lozza187/projects-00/multibuys-00/functions/node_modules/firebase-functions/lib/v2/index.js"}} {"metadata":{"emulator":{"name":"functions"},"function":{"name":"us-central1-helloWorld"},"extension":{},"message":"[runtime-status] [12730] firebase-functions has been stubbed. {\"functionsResolution\":{\"declared\":true,\"installed\":true,\"version\":\"6.4.0\",\"resolution\":\"/home/lozza187/projects-00/multibuys-00/functions/node_modules/firebase-functions/lib/v2/index.js\"}}"}}
[debug] [2025-09-19T06:56:43.588Z] [runtime-status] [12730] Resolved module firebase-functions {"declared":true,"installed":true,"version":"6.4.0","resolution":"/home/lozza187/projects-00/multibuys-00/functions/node_modules/firebase-functions/lib/v2/index.js"} {"metadata":{"emulator":{"name":"functions"},"function":{"name":"us-central1-helloWorld"},"extension":{},"message":"[runtime-status] [12730] Resolved module firebase-functions {\"declared\":true,\"installed\":true,\"version\":\"6.4.0\",\"resolution\":\"/home/lozza187/projects-00/multibuys-00/functions/node_modules/firebase-functions/lib/v2/index.js\"}"}}
[debug] [2025-09-19T06:56:43.595Z] [runtime-status] [12730] Resolved module firebase-admin {"declared":true,"installed":true,"version":"12.7.0","resolution":"/home/lozza187/projects-00/multibuys-00/functions/node_modules/firebase-admin/lib/index.js"} {"metadata":{"emulator":{"name":"functions"},"function":{"name":"us-central1-helloWorld"},"extension":{},"message":"[runtime-status] [12730] Resolved module firebase-admin {\"declared\":true,\"installed\":true,\"version\":\"12.7.0\",\"resolution\":\"/home/lozza187/projects-00/multibuys-00/functions/node_modules/firebase-admin/lib/index.js\"}"}}
[debug] [2025-09-19T06:56:43.598Z] [runtime-status] [12730] Resolved module firebase-functions {"declared":true,"installed":true,"version":"6.4.0","resolution":"/home/lozza187/projects-00/multibuys-00/functions/node_modules/firebase-functions/lib/v2/index.js"} {"metadata":{"emulator":{"name":"functions"},"function":{"name":"us-central1-helloWorld"},"extension":{},"message":"[runtime-status] [12730] Resolved module firebase-functions {\"declared\":true,\"installed\":true,\"version\":\"6.4.0\",\"resolution\":\"/home/lozza187/projects-00/multibuys-00/functions/node_modules/firebase-functions/lib/v2/index.js\"}"}}
[debug] [2025-09-19T06:56:43.599Z] [runtime-status] [12730] firebase-admin has been stubbed. {"adminResolution":{"declared":true,"installed":true,"version":"12.7.0","resolution":"/home/lozza187/projects-00/multibuys-00/functions/node_modules/firebase-admin/lib/index.js"}} {"metadata":{"emulator":{"name":"functions"},"function":{"name":"us-central1-helloWorld"},"extension":{},"message":"[runtime-status] [12730] firebase-admin has been stubbed. {\"adminResolution\":{\"declared\":true,\"installed\":true,\"version\":\"12.7.0\",\"resolution\":\"/home/lozza187/projects-00/multibuys-00/functions/node_modules/firebase-admin/lib/index.js\"}}"}}
[debug] [2025-09-19T06:56:43.613Z] [runtime-status] [12730] Functions runtime initialized. {"cwd":"/home/lozza187/projects-00/multibuys-00/functions","node_version":"22.12.0"} {"metadata":{"emulator":{"name":"functions"},"function":{"name":"us-central1-helloWorld"},"extension":{},"message":"[runtime-status] [12730] Functions runtime initialized. {\"cwd\":\"/home/lozza187/projects-00/multibuys-00/functions\",\"node_version\":\"22.12.0\"}"}}
[debug] [2025-09-19T06:56:43.614Z] [runtime-status] [12730] Listening to port: /tmp/fire_emu_b83739d7c62f0261.sock {"metadata":{"emulator":{"name":"functions"},"function":{"name":"us-central1-helloWorld"},"extension":{},"message":"[runtime-status] [12730] Listening to port: /tmp/fire_emu_b83739d7c62f0261.sock"}}
[debug] [2025-09-19T06:56:43.660Z] [worker-us-central1-helloWorld-83da6bd8-68f5-4b57-b328-e6e1128d3f9b]: IDLE {"metadata":{"emulator":{"name":"functions"},"function":{"name":"us-central1-helloWorld"},"extension":{},"message":"[worker-us-central1-helloWorld-83da6bd8-68f5-4b57-b328-e6e1128d3f9b]: IDLE"}}
[debug] [2025-09-19T06:56:43.661Z] [worker-pool] submitRequest(triggerId=us-central1-helloWorld) {"metadata":{"emulator":{"name":"functions"},"message":"[worker-pool] submitRequest(triggerId=us-central1-helloWorld)"}}
[info] i  functions: Beginning execution of "us-central1-helloWorld" {"metadata":{"emulator":{"name":"functions"},"function":{"name":"us-central1-helloWorld"},"extension":{},"message":"Beginning execution of \"us-central1-helloWorld\""}}
[debug] [2025-09-19T06:56:43.662Z] [worker-us-central1-helloWorld-83da6bd8-68f5-4b57-b328-e6e1128d3f9b]: BUSY {"metadata":{"emulator":{"name":"functions"},"function":{"name":"us-central1-helloWorld"},"extension":{},"message":"[worker-us-central1-helloWorld-83da6bd8-68f5-4b57-b328-e6e1128d3f9b]: BUSY"}}
[info] >  {"structuredData":true,"severity":"INFO","message":"Hello logs!"} {"user":{"structuredData":true,"severity":"INFO","message":"Hello logs!"},"metadata":{"emulator":{"name":"functions"},"function":{"name":"us-central1-helloWorld"},"extension":{},"message":"\u001b[90m> \u001b[39m {\"structuredData\":true,\"severity\":\"INFO\",\"message\":\"Hello logs!\"}"}}
[debug] [2025-09-19T06:56:43.675Z] Finishing up request with event=pause {"metadata":{"emulator":{"name":"functions"},"function":{"name":"us-central1-helloWorld"},"extension":{},"message":"Finishing up request with event=pause"}}
[info] i  functions: Finished "us-central1-helloWorld" in 13.83202ms {"metadata":{"emulator":{"name":"functions"},"function":{"name":"us-central1-helloWorld"},"extension":{},"message":"Finished \"us-central1-helloWorld\" in 13.83202ms"}}
[debug] [2025-09-19T06:56:43.676Z] [worker-us-central1-helloWorld-83da6bd8-68f5-4b57-b328-e6e1128d3f9b]: IDLE {"metadata":{"emulator":{"name":"functions"},"function":{"name":"us-central1-helloWorld"},"extension":{},"message":"[worker-us-central1-helloWorld-83da6bd8-68f5-4b57-b328-e6e1128d3f9b]: IDLE"}}
[debug] [2025-09-19T06:56:43.676Z] Finishing up request with event=finish {"metadata":{"emulator":{"name":"functions"},"function":{"name":"us-central1-helloWorld"},"extension":{},"message":"Finishing up request with event=finish"}}
[debug] [2025-09-19T06:56:43.677Z] Finishing up request with event=close {"metadata":{"emulator":{"name":"functions"},"function":{"name":"us-central1-helloWorld"},"extension":{},"message":"Finishing up request with event=close"}}
[debug] [2025-09-19T06:56:43.677Z] [work-queue] {"queuedWork":[],"queueLength":0,"runningWork":[],"workRunningCount":0}
[info] ✔  functions: Loaded functions definitions from source: helloWorld. {"metadata":{"emulator":{"name":"functions"},"message":"Loaded functions definitions from source: helloWorld."}}
[debug] [2025-09-19T06:56:44.778Z] [worker-pool] Shutting down IDLE worker (us-central1-helloWorld) {"metadata":{"emulator":{"name":"functions"},"message":"[worker-pool] Shutting down IDLE worker (us-central1-helloWorld)"}}
[debug] [2025-09-19T06:56:44.778Z] [worker-us-central1-helloWorld-83da6bd8-68f5-4b57-b328-e6e1128d3f9b]: FINISHING {"metadata":{"emulator":{"name":"functions"},"function":{"name":"us-central1-helloWorld"},"extension":{},"message":"[worker-us-central1-helloWorld-83da6bd8-68f5-4b57-b328-e6e1128d3f9b]: FINISHING"}}
[debug] [2025-09-19T06:56:44.793Z] [worker-us-central1-helloWorld-83da6bd8-68f5-4b57-b328-e6e1128d3f9b]: exited {"metadata":{"emulator":{"name":"functions"},"function":{"name":"us-central1-helloWorld"},"extension":{},"message":"[worker-us-central1-helloWorld-83da6bd8-68f5-4b57-b328-e6e1128d3f9b]: exited"}}
[debug] [2025-09-19T06:56:44.793Z] [worker-us-central1-helloWorld-83da6bd8-68f5-4b57-b328-e6e1128d3f9b]: FINISHED {"metadata":{"emulator":{"name":"functions"},"function":{"name":"us-central1-helloWorld"},"extension":{},"message":"[worker-us-central1-helloWorld-83da6bd8-68f5-4b57-b328-e6e1128d3f9b]: FINISHED"}}
